<?xml version="1.0" encoding="UTF-8"?>
<!-- Generated by org.testng.reporters.JUnitReportReporter -->
<testsuite hostname="KARTHIKs-MacBook-Pro.local" failures="0" tests="1" name="useCase.CaseStudy_1" time="10.014" errors="0" timestamp="2024-05-20T19:32:44 GST" skipped="0">
  <testcase classname="useCase.CaseStudy_1" name="scenario" time="10.014"/>
</testsuite> <!-- useCase.CaseStudy_1 -->
